
2016-07-01 18:52:49
[ERROR]-[Thread: qtp1285044316-29]-[io.jpress.install.InstallController.step2()]: InstallController step2 is erro
java.sql.BatchUpdateException: Unknown character set: 'utf8'
	at com.mysql.jdbc.StatementImpl.executeBatch(StatementImpl.java:1184)
	at com.alibaba.druid.filter.FilterChainImpl.statement_executeBatch(FilterChainImpl.java:2596)
	at com.alibaba.druid.filter.FilterAdapter.statement_executeBatch(FilterAdapter.java:2474)
	at com.alibaba.druid.filter.FilterEventAdapter.statement_executeBatch(FilterEventAdapter.java:279)
	at com.alibaba.druid.filter.FilterChainImpl.statement_executeBatch(FilterChainImpl.java:2594)
	at com.alibaba.druid.proxy.jdbc.StatementProxyImpl.executeBatch(StatementProxyImpl.java:192)
	at com.alibaba.druid.pool.DruidPooledStatement.executeBatch(DruidPooledStatement.java:568)
	at io.jpress.install.InstallUtils.executeBatchSql(InstallUtils.java:170)
	at io.jpress.install.InstallUtils.createJpressDatabase(InstallUtils.java:113)
	at io.jpress.install.InstallController.step2(InstallController.java:78)
	at sun.reflect.NativeMethodAccessorImpl.invoke0(Native Method)
	at sun.reflect.NativeMethodAccessorImpl.invoke(NativeMethodAccessorImpl.java:62)
	at sun.reflect.DelegatingMethodAccessorImpl.invoke(DelegatingMethodAccessorImpl.java:43)
	at java.lang.reflect.Method.invoke(Method.java:483)
	at com.jfinal.aop.Invocation.invoke(Invocation.java:73)
	at io.jpress.install.InstallInterceptor.intercept(InstallInterceptor.java:36)
	at com.jfinal.aop.Invocation.invoke(Invocation.java:67)
	at io.jpress.interceptor.AdminInterceptor.intercept(AdminInterceptor.java:37)
	at com.jfinal.aop.Invocation.invoke(Invocation.java:67)
	at io.jpress.interceptor.HookInterceptor.intercept(HookInterceptor.java:34)
	at com.jfinal.aop.Invocation.invoke(Invocation.java:67)
	at io.jpress.interceptor.JI18nInterceptor.intercept(JI18nInterceptor.java:48)
	at com.jfinal.aop.Invocation.invoke(Invocation.java:67)
	at com.jfinal.core.ActionHandler.handle(ActionHandler.java:74)
	at com.jfinal.plugin.druid.DruidStatViewHandler.handle(DruidStatViewHandler.java:75)
	at io.jpress.core.cache.ActionCacheHandler.handle(ActionCacheHandler.java:50)
	at io.jpress.core.JHandler.handle(JHandler.java:82)
	at io.jpress.core.cache.ActionCacheHandler.handle(ActionCacheHandler.java:50)
	at com.jfinal.core.JFinalFilter.doFilter(JFinalFilter.java:72)
	at org.eclipse.jetty.servlet.ServletHandler$CachedChain.doFilter(ServletHandler.java:1300)
	at org.eclipse.jetty.servlet.ServletHandler.doHandle(ServletHandler.java:445)
	at org.eclipse.jetty.server.handler.ScopedHandler.handle(ScopedHandler.java:137)
	at org.eclipse.jetty.security.SecurityHandler.handle(SecurityHandler.java:556)
	at org.eclipse.jetty.server.session.SessionHandler.doHandle(SessionHandler.java:227)
	at org.eclipse.jetty.server.handler.ContextHandler.doHandle(ContextHandler.java:1038)
	at org.eclipse.jetty.servlet.ServletHandler.doScope(ServletHandler.java:374)
	at org.eclipse.jetty.server.session.SessionHandler.doScope(SessionHandler.java:189)
	at org.eclipse.jetty.server.handler.ContextHandler.doScope(ContextHandler.java:972)
	at org.eclipse.jetty.server.handler.ScopedHandler.handle(ScopedHandler.java:135)
	at org.eclipse.jetty.server.handler.HandlerWrapper.handle(HandlerWrapper.java:116)
	at org.eclipse.jetty.server.Server.handle(Server.java:363)
	at org.eclipse.jetty.server.AbstractHttpConnection.handleRequest(AbstractHttpConnection.java:483)
	at org.eclipse.jetty.server.AbstractHttpConnection.content(AbstractHttpConnection.java:931)
	at org.eclipse.jetty.server.AbstractHttpConnection$RequestHandler.content(AbstractHttpConnection.java:992)
	at org.eclipse.jetty.http.HttpParser.parseNext(HttpParser.java:856)
	at org.eclipse.jetty.http.HttpParser.parseAvailable(HttpParser.java:240)
	at org.eclipse.jetty.server.AsyncHttpConnection.handle(AsyncHttpConnection.java:82)
	at org.eclipse.jetty.io.nio.SelectChannelEndPoint.handle(SelectChannelEndPoint.java:628)
	at org.eclipse.jetty.io.nio.SelectChannelEndPoint$1.run(SelectChannelEndPoint.java:52)
	at org.eclipse.jetty.util.thread.QueuedThreadPool.runJob(QueuedThreadPool.java:608)
	at org.eclipse.jetty.util.thread.QueuedThreadPool$3.run(QueuedThreadPool.java:543)
	at java.lang.Thread.run(Thread.java:745)

2016-07-01 18:53:45
[ERROR]-[Thread: qtp1285044316-33]-[io.jpress.install.InstallController.step2()]: InstallController step2 is erro
java.sql.BatchUpdateException: Unknown character set: 'utf8'
	at com.mysql.jdbc.StatementImpl.executeBatch(StatementImpl.java:1184)
	at com.alibaba.druid.filter.FilterChainImpl.statement_executeBatch(FilterChainImpl.java:2596)
	at com.alibaba.druid.filter.FilterAdapter.statement_executeBatch(FilterAdapter.java:2474)
	at com.alibaba.druid.filter.FilterEventAdapter.statement_executeBatch(FilterEventAdapter.java:279)
	at com.alibaba.druid.filter.FilterChainImpl.statement_executeBatch(FilterChainImpl.java:2594)
	at com.alibaba.druid.proxy.jdbc.StatementProxyImpl.executeBatch(StatementProxyImpl.java:192)
	at com.alibaba.druid.pool.DruidPooledStatement.executeBatch(DruidPooledStatement.java:568)
	at io.jpress.install.InstallUtils.executeBatchSql(InstallUtils.java:170)
	at io.jpress.install.InstallUtils.createJpressDatabase(InstallUtils.java:113)
	at io.jpress.install.InstallController.step2(InstallController.java:78)
	at sun.reflect.NativeMethodAccessorImpl.invoke0(Native Method)
	at sun.reflect.NativeMethodAccessorImpl.invoke(NativeMethodAccessorImpl.java:62)
	at sun.reflect.DelegatingMethodAccessorImpl.invoke(DelegatingMethodAccessorImpl.java:43)
	at java.lang.reflect.Method.invoke(Method.java:483)
	at com.jfinal.aop.Invocation.invoke(Invocation.java:73)
	at io.jpress.install.InstallInterceptor.intercept(InstallInterceptor.java:36)
	at com.jfinal.aop.Invocation.invoke(Invocation.java:67)
	at io.jpress.interceptor.AdminInterceptor.intercept(AdminInterceptor.java:37)
	at com.jfinal.aop.Invocation.invoke(Invocation.java:67)
	at io.jpress.interceptor.HookInterceptor.intercept(HookInterceptor.java:34)
	at com.jfinal.aop.Invocation.invoke(Invocation.java:67)
	at io.jpress.interceptor.JI18nInterceptor.intercept(JI18nInterceptor.java:48)
	at com.jfinal.aop.Invocation.invoke(Invocation.java:67)
	at com.jfinal.core.ActionHandler.handle(ActionHandler.java:74)
	at com.jfinal.plugin.druid.DruidStatViewHandler.handle(DruidStatViewHandler.java:75)
	at io.jpress.core.cache.ActionCacheHandler.handle(ActionCacheHandler.java:50)
	at io.jpress.core.JHandler.handle(JHandler.java:82)
	at io.jpress.core.cache.ActionCacheHandler.handle(ActionCacheHandler.java:50)
	at com.jfinal.core.JFinalFilter.doFilter(JFinalFilter.java:72)
	at org.eclipse.jetty.servlet.ServletHandler$CachedChain.doFilter(ServletHandler.java:1300)
	at org.eclipse.jetty.servlet.ServletHandler.doHandle(ServletHandler.java:445)
	at org.eclipse.jetty.server.handler.ScopedHandler.handle(ScopedHandler.java:137)
	at org.eclipse.jetty.security.SecurityHandler.handle(SecurityHandler.java:556)
	at org.eclipse.jetty.server.session.SessionHandler.doHandle(SessionHandler.java:227)
	at org.eclipse.jetty.server.handler.ContextHandler.doHandle(ContextHandler.java:1038)
	at org.eclipse.jetty.servlet.ServletHandler.doScope(ServletHandler.java:374)
	at org.eclipse.jetty.server.session.SessionHandler.doScope(SessionHandler.java:189)
	at org.eclipse.jetty.server.handler.ContextHandler.doScope(ContextHandler.java:972)
	at org.eclipse.jetty.server.handler.ScopedHandler.handle(ScopedHandler.java:135)
	at org.eclipse.jetty.server.handler.HandlerWrapper.handle(HandlerWrapper.java:116)
	at org.eclipse.jetty.server.Server.handle(Server.java:363)
	at org.eclipse.jetty.server.AbstractHttpConnection.handleRequest(AbstractHttpConnection.java:483)
	at org.eclipse.jetty.server.AbstractHttpConnection.content(AbstractHttpConnection.java:931)
	at org.eclipse.jetty.server.AbstractHttpConnection$RequestHandler.content(AbstractHttpConnection.java:992)
	at org.eclipse.jetty.http.HttpParser.parseNext(HttpParser.java:856)
	at org.eclipse.jetty.http.HttpParser.parseAvailable(HttpParser.java:240)
	at org.eclipse.jetty.server.AsyncHttpConnection.handle(AsyncHttpConnection.java:82)
	at org.eclipse.jetty.io.nio.SelectChannelEndPoint.handle(SelectChannelEndPoint.java:628)
	at org.eclipse.jetty.io.nio.SelectChannelEndPoint$1.run(SelectChannelEndPoint.java:52)
	at org.eclipse.jetty.util.thread.QueuedThreadPool.runJob(QueuedThreadPool.java:608)
	at org.eclipse.jetty.util.thread.QueuedThreadPool$3.run(QueuedThreadPool.java:543)
	at java.lang.Thread.run(Thread.java:745)

2016-07-01 18:56:13
[ERROR]-[Thread: qtp1285044316-31]-[io.jpress.install.InstallController.step2()]: InstallController step2 is erro
java.sql.BatchUpdateException: Unknown character set: 'utf8'
	at com.mysql.jdbc.StatementImpl.executeBatch(StatementImpl.java:1184)
	at com.alibaba.druid.filter.FilterChainImpl.statement_executeBatch(FilterChainImpl.java:2596)
	at com.alibaba.druid.filter.FilterAdapter.statement_executeBatch(FilterAdapter.java:2474)
	at com.alibaba.druid.filter.FilterEventAdapter.statement_executeBatch(FilterEventAdapter.java:279)
	at com.alibaba.druid.filter.FilterChainImpl.statement_executeBatch(FilterChainImpl.java:2594)
	at com.alibaba.druid.proxy.jdbc.StatementProxyImpl.executeBatch(StatementProxyImpl.java:192)
	at com.alibaba.druid.pool.DruidPooledStatement.executeBatch(DruidPooledStatement.java:568)
	at io.jpress.install.InstallUtils.executeBatchSql(InstallUtils.java:170)
	at io.jpress.install.InstallUtils.createJpressDatabase(InstallUtils.java:113)
	at io.jpress.install.InstallController.step2(InstallController.java:78)
	at sun.reflect.NativeMethodAccessorImpl.invoke0(Native Method)
	at sun.reflect.NativeMethodAccessorImpl.invoke(NativeMethodAccessorImpl.java:62)
	at sun.reflect.DelegatingMethodAccessorImpl.invoke(DelegatingMethodAccessorImpl.java:43)
	at java.lang.reflect.Method.invoke(Method.java:483)
	at com.jfinal.aop.Invocation.invoke(Invocation.java:73)
	at io.jpress.install.InstallInterceptor.intercept(InstallInterceptor.java:36)
	at com.jfinal.aop.Invocation.invoke(Invocation.java:67)
	at io.jpress.interceptor.AdminInterceptor.intercept(AdminInterceptor.java:37)
	at com.jfinal.aop.Invocation.invoke(Invocation.java:67)
	at io.jpress.interceptor.HookInterceptor.intercept(HookInterceptor.java:34)
	at com.jfinal.aop.Invocation.invoke(Invocation.java:67)
	at io.jpress.interceptor.JI18nInterceptor.intercept(JI18nInterceptor.java:48)
	at com.jfinal.aop.Invocation.invoke(Invocation.java:67)
	at com.jfinal.core.ActionHandler.handle(ActionHandler.java:74)
	at com.jfinal.plugin.druid.DruidStatViewHandler.handle(DruidStatViewHandler.java:75)
	at io.jpress.core.cache.ActionCacheHandler.handle(ActionCacheHandler.java:50)
	at io.jpress.core.JHandler.handle(JHandler.java:82)
	at io.jpress.core.cache.ActionCacheHandler.handle(ActionCacheHandler.java:50)
	at com.jfinal.core.JFinalFilter.doFilter(JFinalFilter.java:72)
	at org.eclipse.jetty.servlet.ServletHandler$CachedChain.doFilter(ServletHandler.java:1300)
	at org.eclipse.jetty.servlet.ServletHandler.doHandle(ServletHandler.java:445)
	at org.eclipse.jetty.server.handler.ScopedHandler.handle(ScopedHandler.java:137)
	at org.eclipse.jetty.security.SecurityHandler.handle(SecurityHandler.java:556)
	at org.eclipse.jetty.server.session.SessionHandler.doHandle(SessionHandler.java:227)
	at org.eclipse.jetty.server.handler.ContextHandler.doHandle(ContextHandler.java:1038)
	at org.eclipse.jetty.servlet.ServletHandler.doScope(ServletHandler.java:374)
	at org.eclipse.jetty.server.session.SessionHandler.doScope(SessionHandler.java:189)
	at org.eclipse.jetty.server.handler.ContextHandler.doScope(ContextHandler.java:972)
	at org.eclipse.jetty.server.handler.ScopedHandler.handle(ScopedHandler.java:135)
	at org.eclipse.jetty.server.handler.HandlerWrapper.handle(HandlerWrapper.java:116)
	at org.eclipse.jetty.server.Server.handle(Server.java:363)
	at org.eclipse.jetty.server.AbstractHttpConnection.handleRequest(AbstractHttpConnection.java:483)
	at org.eclipse.jetty.server.AbstractHttpConnection.content(AbstractHttpConnection.java:931)
	at org.eclipse.jetty.server.AbstractHttpConnection$RequestHandler.content(AbstractHttpConnection.java:992)
	at org.eclipse.jetty.http.HttpParser.parseNext(HttpParser.java:856)
	at org.eclipse.jetty.http.HttpParser.parseAvailable(HttpParser.java:240)
	at org.eclipse.jetty.server.AsyncHttpConnection.handle(AsyncHttpConnection.java:82)
	at org.eclipse.jetty.io.nio.SelectChannelEndPoint.handle(SelectChannelEndPoint.java:628)
	at org.eclipse.jetty.io.nio.SelectChannelEndPoint$1.run(SelectChannelEndPoint.java:52)
	at org.eclipse.jetty.util.thread.QueuedThreadPool.runJob(QueuedThreadPool.java:608)
	at org.eclipse.jetty.util.thread.QueuedThreadPool$3.run(QueuedThreadPool.java:543)
	at java.lang.Thread.run(Thread.java:745)

2016-07-01 18:58:32
[ERROR]-[Thread: qtp1285044316-33]-[io.jpress.install.InstallController.step2()]: InstallController step2 is erro
java.sql.BatchUpdateException: Unknown character set: 'utf8'
	at com.mysql.jdbc.StatementImpl.executeBatch(StatementImpl.java:1184)
	at com.alibaba.druid.filter.FilterChainImpl.statement_executeBatch(FilterChainImpl.java:2596)
	at com.alibaba.druid.filter.FilterAdapter.statement_executeBatch(FilterAdapter.java:2474)
	at com.alibaba.druid.filter.FilterEventAdapter.statement_executeBatch(FilterEventAdapter.java:279)
	at com.alibaba.druid.filter.FilterChainImpl.statement_executeBatch(FilterChainImpl.java:2594)
	at com.alibaba.druid.proxy.jdbc.StatementProxyImpl.executeBatch(StatementProxyImpl.java:192)
	at com.alibaba.druid.pool.DruidPooledStatement.executeBatch(DruidPooledStatement.java:568)
	at io.jpress.install.InstallUtils.executeBatchSql(InstallUtils.java:170)
	at io.jpress.install.InstallUtils.createJpressDatabase(InstallUtils.java:113)
	at io.jpress.install.InstallController.step2(InstallController.java:78)
	at sun.reflect.NativeMethodAccessorImpl.invoke0(Native Method)
	at sun.reflect.NativeMethodAccessorImpl.invoke(NativeMethodAccessorImpl.java:62)
	at sun.reflect.DelegatingMethodAccessorImpl.invoke(DelegatingMethodAccessorImpl.java:43)
	at java.lang.reflect.Method.invoke(Method.java:483)
	at com.jfinal.aop.Invocation.invoke(Invocation.java:73)
	at io.jpress.install.InstallInterceptor.intercept(InstallInterceptor.java:36)
	at com.jfinal.aop.Invocation.invoke(Invocation.java:67)
	at io.jpress.interceptor.AdminInterceptor.intercept(AdminInterceptor.java:37)
	at com.jfinal.aop.Invocation.invoke(Invocation.java:67)
	at io.jpress.interceptor.HookInterceptor.intercept(HookInterceptor.java:34)
	at com.jfinal.aop.Invocation.invoke(Invocation.java:67)
	at io.jpress.interceptor.JI18nInterceptor.intercept(JI18nInterceptor.java:48)
	at com.jfinal.aop.Invocation.invoke(Invocation.java:67)
	at com.jfinal.core.ActionHandler.handle(ActionHandler.java:74)
	at com.jfinal.plugin.druid.DruidStatViewHandler.handle(DruidStatViewHandler.java:75)
	at io.jpress.core.cache.ActionCacheHandler.handle(ActionCacheHandler.java:50)
	at io.jpress.core.JHandler.handle(JHandler.java:82)
	at io.jpress.core.cache.ActionCacheHandler.handle(ActionCacheHandler.java:50)
	at com.jfinal.core.JFinalFilter.doFilter(JFinalFilter.java:72)
	at org.eclipse.jetty.servlet.ServletHandler$CachedChain.doFilter(ServletHandler.java:1300)
	at org.eclipse.jetty.servlet.ServletHandler.doHandle(ServletHandler.java:445)
	at org.eclipse.jetty.server.handler.ScopedHandler.handle(ScopedHandler.java:137)
	at org.eclipse.jetty.security.SecurityHandler.handle(SecurityHandler.java:556)
	at org.eclipse.jetty.server.session.SessionHandler.doHandle(SessionHandler.java:227)
	at org.eclipse.jetty.server.handler.ContextHandler.doHandle(ContextHandler.java:1038)
	at org.eclipse.jetty.servlet.ServletHandler.doScope(ServletHandler.java:374)
	at org.eclipse.jetty.server.session.SessionHandler.doScope(SessionHandler.java:189)
	at org.eclipse.jetty.server.handler.ContextHandler.doScope(ContextHandler.java:972)
	at org.eclipse.jetty.server.handler.ScopedHandler.handle(ScopedHandler.java:135)
	at org.eclipse.jetty.server.handler.HandlerWrapper.handle(HandlerWrapper.java:116)
	at org.eclipse.jetty.server.Server.handle(Server.java:363)
	at org.eclipse.jetty.server.AbstractHttpConnection.handleRequest(AbstractHttpConnection.java:483)
	at org.eclipse.jetty.server.AbstractHttpConnection.content(AbstractHttpConnection.java:931)
	at org.eclipse.jetty.server.AbstractHttpConnection$RequestHandler.content(AbstractHttpConnection.java:992)
	at org.eclipse.jetty.http.HttpParser.parseNext(HttpParser.java:856)
	at org.eclipse.jetty.http.HttpParser.parseAvailable(HttpParser.java:240)
	at org.eclipse.jetty.server.AsyncHttpConnection.handle(AsyncHttpConnection.java:82)
	at org.eclipse.jetty.io.nio.SelectChannelEndPoint.handle(SelectChannelEndPoint.java:628)
	at org.eclipse.jetty.io.nio.SelectChannelEndPoint$1.run(SelectChannelEndPoint.java:52)
	at org.eclipse.jetty.util.thread.QueuedThreadPool.runJob(QueuedThreadPool.java:608)
	at org.eclipse.jetty.util.thread.QueuedThreadPool$3.run(QueuedThreadPool.java:543)
	at java.lang.Thread.run(Thread.java:745)

2016-07-01 19:05:13
[ERROR]-[Thread: qtp1285044316-29]-[com.jfinal.core.JFinalFilter.doFilter()]: /
java.lang.NullPointerException
	at io.jpress.model.core.JModel.getTableName(JModel.java:164)
	at io.jpress.model.core.JModel.createSelectSql(JModel.java:55)
	at io.jpress.model.core.JModel.createSelectWhereSql(JModel.java:63)
	at io.jpress.model.core.JModel.doFindFirst(JModel.java:95)
	at io.jpress.model.query.OptionQuery$1.load(OptionQuery.java:33)
	at com.jfinal.plugin.ehcache.CacheKit.get(CacheKit.java:85)
	at io.jpress.model.query.OptionQuery.findValue(OptionQuery.java:30)
	at io.jpress.template.TemplateUtils.getcurrentTemplateId(TemplateUtils.java:50)
	at io.jpress.template.TemplateUtils.currentTemplate(TemplateUtils.java:64)
	at io.jpress.core.JHandler.setGlobalAttrs(JHandler.java:108)
	at io.jpress.core.JHandler.handle(JHandler.java:68)
	at io.jpress.core.cache.ActionCacheHandler.handle(ActionCacheHandler.java:87)
	at com.jfinal.core.JFinalFilter.doFilter(JFinalFilter.java:72)
	at org.eclipse.jetty.servlet.ServletHandler$CachedChain.doFilter(ServletHandler.java:1300)
	at org.eclipse.jetty.servlet.ServletHandler.doHandle(ServletHandler.java:445)
	at org.eclipse.jetty.server.handler.ScopedHandler.handle(ScopedHandler.java:137)
	at org.eclipse.jetty.security.SecurityHandler.handle(SecurityHandler.java:556)
	at org.eclipse.jetty.server.session.SessionHandler.doHandle(SessionHandler.java:227)
	at org.eclipse.jetty.server.handler.ContextHandler.doHandle(ContextHandler.java:1038)
	at org.eclipse.jetty.servlet.ServletHandler.doScope(ServletHandler.java:374)
	at org.eclipse.jetty.server.session.SessionHandler.doScope(SessionHandler.java:189)
	at org.eclipse.jetty.server.handler.ContextHandler.doScope(ContextHandler.java:972)
	at org.eclipse.jetty.server.handler.ScopedHandler.handle(ScopedHandler.java:135)
	at org.eclipse.jetty.server.handler.HandlerWrapper.handle(HandlerWrapper.java:116)
	at org.eclipse.jetty.server.Server.handle(Server.java:363)
	at org.eclipse.jetty.server.AbstractHttpConnection.handleRequest(AbstractHttpConnection.java:483)
	at org.eclipse.jetty.server.AbstractHttpConnection.headerComplete(AbstractHttpConnection.java:920)
	at org.eclipse.jetty.server.AbstractHttpConnection$RequestHandler.headerComplete(AbstractHttpConnection.java:982)
	at org.eclipse.jetty.http.HttpParser.parseNext(HttpParser.java:635)
	at org.eclipse.jetty.http.HttpParser.parseAvailable(HttpParser.java:235)
	at org.eclipse.jetty.server.AsyncHttpConnection.handle(AsyncHttpConnection.java:82)
	at org.eclipse.jetty.io.nio.SelectChannelEndPoint.handle(SelectChannelEndPoint.java:628)
	at org.eclipse.jetty.io.nio.SelectChannelEndPoint$1.run(SelectChannelEndPoint.java:52)
	at org.eclipse.jetty.util.thread.QueuedThreadPool.runJob(QueuedThreadPool.java:608)
	at org.eclipse.jetty.util.thread.QueuedThreadPool$3.run(QueuedThreadPool.java:543)
	at java.lang.Thread.run(Thread.java:745)

2016-07-01 19:05:13
[ERROR]-[Thread: qtp1285044316-27]-[com.jfinal.core.JFinalFilter.doFilter()]: /jetty-dir.css
java.lang.NullPointerException
	at io.jpress.model.core.JModel.getTableName(JModel.java:164)
	at io.jpress.model.core.JModel.createSelectSql(JModel.java:55)
	at io.jpress.model.core.JModel.createSelectWhereSql(JModel.java:63)
	at io.jpress.model.core.JModel.doFindFirst(JModel.java:95)
	at io.jpress.model.query.OptionQuery$1.load(OptionQuery.java:33)
	at com.jfinal.plugin.ehcache.CacheKit.get(CacheKit.java:85)
	at io.jpress.model.query.OptionQuery.findValue(OptionQuery.java:30)
	at io.jpress.template.TemplateUtils.getcurrentTemplateId(TemplateUtils.java:50)
	at io.jpress.template.TemplateUtils.currentTemplate(TemplateUtils.java:64)
	at io.jpress.core.JHandler.setGlobalAttrs(JHandler.java:108)
	at io.jpress.core.JHandler.handle(JHandler.java:68)
	at io.jpress.core.cache.ActionCacheHandler.handle(ActionCacheHandler.java:87)
	at com.jfinal.core.JFinalFilter.doFilter(JFinalFilter.java:72)
	at org.eclipse.jetty.servlet.ServletHandler$CachedChain.doFilter(ServletHandler.java:1300)
	at org.eclipse.jetty.servlet.ServletHandler.doHandle(ServletHandler.java:445)
	at org.eclipse.jetty.server.handler.ScopedHandler.handle(ScopedHandler.java:137)
	at org.eclipse.jetty.security.SecurityHandler.handle(SecurityHandler.java:556)
	at org.eclipse.jetty.server.session.SessionHandler.doHandle(SessionHandler.java:227)
	at org.eclipse.jetty.server.handler.ContextHandler.doHandle(ContextHandler.java:1038)
	at org.eclipse.jetty.servlet.ServletHandler.doScope(ServletHandler.java:374)
	at org.eclipse.jetty.server.session.SessionHandler.doScope(SessionHandler.java:189)
	at org.eclipse.jetty.server.handler.ContextHandler.doScope(ContextHandler.java:972)
	at org.eclipse.jetty.server.handler.ScopedHandler.handle(ScopedHandler.java:135)
	at org.eclipse.jetty.server.handler.HandlerWrapper.handle(HandlerWrapper.java:116)
	at org.eclipse.jetty.server.Server.handle(Server.java:363)
	at org.eclipse.jetty.server.AbstractHttpConnection.handleRequest(AbstractHttpConnection.java:483)
	at org.eclipse.jetty.server.AbstractHttpConnection.headerComplete(AbstractHttpConnection.java:920)
	at org.eclipse.jetty.server.AbstractHttpConnection$RequestHandler.headerComplete(AbstractHttpConnection.java:982)
	at org.eclipse.jetty.http.HttpParser.parseNext(HttpParser.java:635)
	at org.eclipse.jetty.http.HttpParser.parseAvailable(HttpParser.java:235)
	at org.eclipse.jetty.server.AsyncHttpConnection.handle(AsyncHttpConnection.java:82)
	at org.eclipse.jetty.io.nio.SelectChannelEndPoint.handle(SelectChannelEndPoint.java:628)
	at org.eclipse.jetty.io.nio.SelectChannelEndPoint$1.run(SelectChannelEndPoint.java:52)
	at org.eclipse.jetty.util.thread.QueuedThreadPool.runJob(QueuedThreadPool.java:608)
	at org.eclipse.jetty.util.thread.QueuedThreadPool$3.run(QueuedThreadPool.java:543)
	at java.lang.Thread.run(Thread.java:745)

2016-07-01 19:05:39
[ERROR]-[Thread: qtp1285044316-34]-[com.jfinal.core.JFinalFilter.doFilter()]: /install/step3
java.lang.NullPointerException
	at io.jpress.model.core.JModel.getTableName(JModel.java:164)
	at io.jpress.model.core.JModel.createSelectSql(JModel.java:55)
	at io.jpress.model.core.JModel.createSelectWhereSql(JModel.java:63)
	at io.jpress.model.core.JModel.doFindFirst(JModel.java:95)
	at io.jpress.model.query.OptionQuery$1.load(OptionQuery.java:33)
	at com.jfinal.plugin.ehcache.CacheKit.get(CacheKit.java:85)
	at io.jpress.model.query.OptionQuery.findValue(OptionQuery.java:30)
	at io.jpress.template.TemplateUtils.getcurrentTemplateId(TemplateUtils.java:50)
	at io.jpress.template.TemplateUtils.currentTemplate(TemplateUtils.java:64)
	at io.jpress.core.JHandler.setGlobalAttrs(JHandler.java:108)
	at io.jpress.core.JHandler.handle(JHandler.java:68)
	at io.jpress.core.cache.ActionCacheHandler.handle(ActionCacheHandler.java:50)
	at com.jfinal.core.JFinalFilter.doFilter(JFinalFilter.java:72)
	at org.eclipse.jetty.servlet.ServletHandler$CachedChain.doFilter(ServletHandler.java:1300)
	at org.eclipse.jetty.servlet.ServletHandler.doHandle(ServletHandler.java:445)
	at org.eclipse.jetty.server.handler.ScopedHandler.handle(ScopedHandler.java:137)
	at org.eclipse.jetty.security.SecurityHandler.handle(SecurityHandler.java:556)
	at org.eclipse.jetty.server.session.SessionHandler.doHandle(SessionHandler.java:227)
	at org.eclipse.jetty.server.handler.ContextHandler.doHandle(ContextHandler.java:1038)
	at org.eclipse.jetty.servlet.ServletHandler.doScope(ServletHandler.java:374)
	at org.eclipse.jetty.server.session.SessionHandler.doScope(SessionHandler.java:189)
	at org.eclipse.jetty.server.handler.ContextHandler.doScope(ContextHandler.java:972)
	at org.eclipse.jetty.server.handler.ScopedHandler.handle(ScopedHandler.java:135)
	at org.eclipse.jetty.server.handler.HandlerWrapper.handle(HandlerWrapper.java:116)
	at org.eclipse.jetty.server.Server.handle(Server.java:363)
	at org.eclipse.jetty.server.AbstractHttpConnection.handleRequest(AbstractHttpConnection.java:483)
	at org.eclipse.jetty.server.AbstractHttpConnection.headerComplete(AbstractHttpConnection.java:920)
	at org.eclipse.jetty.server.AbstractHttpConnection$RequestHandler.headerComplete(AbstractHttpConnection.java:982)
	at org.eclipse.jetty.http.HttpParser.parseNext(HttpParser.java:635)
	at org.eclipse.jetty.http.HttpParser.parseAvailable(HttpParser.java:235)
	at org.eclipse.jetty.server.AsyncHttpConnection.handle(AsyncHttpConnection.java:82)
	at org.eclipse.jetty.io.nio.SelectChannelEndPoint.handle(SelectChannelEndPoint.java:628)
	at org.eclipse.jetty.io.nio.SelectChannelEndPoint$1.run(SelectChannelEndPoint.java:52)
	at org.eclipse.jetty.util.thread.QueuedThreadPool.runJob(QueuedThreadPool.java:608)
	at org.eclipse.jetty.util.thread.QueuedThreadPool$3.run(QueuedThreadPool.java:543)
	at java.lang.Thread.run(Thread.java:745)

2016-07-01 19:05:40
[ERROR]-[Thread: qtp1285044316-31]-[com.jfinal.core.JFinalFilter.doFilter()]: /install/step2
java.lang.NullPointerException
	at io.jpress.model.core.JModel.getTableName(JModel.java:164)
	at io.jpress.model.core.JModel.createSelectSql(JModel.java:55)
	at io.jpress.model.core.JModel.createSelectWhereSql(JModel.java:63)
	at io.jpress.model.core.JModel.doFindFirst(JModel.java:95)
	at io.jpress.model.query.OptionQuery$1.load(OptionQuery.java:33)
	at com.jfinal.plugin.ehcache.CacheKit.get(CacheKit.java:85)
	at io.jpress.model.query.OptionQuery.findValue(OptionQuery.java:30)
	at io.jpress.template.TemplateUtils.getcurrentTemplateId(TemplateUtils.java:50)
	at io.jpress.template.TemplateUtils.currentTemplate(TemplateUtils.java:64)
	at io.jpress.core.JHandler.setGlobalAttrs(JHandler.java:108)
	at io.jpress.core.JHandler.handle(JHandler.java:68)
	at io.jpress.core.cache.ActionCacheHandler.handle(ActionCacheHandler.java:50)
	at com.jfinal.core.JFinalFilter.doFilter(JFinalFilter.java:72)
	at org.eclipse.jetty.servlet.ServletHandler$CachedChain.doFilter(ServletHandler.java:1300)
	at org.eclipse.jetty.servlet.ServletHandler.doHandle(ServletHandler.java:445)
	at org.eclipse.jetty.server.handler.ScopedHandler.handle(ScopedHandler.java:137)
	at org.eclipse.jetty.security.SecurityHandler.handle(SecurityHandler.java:556)
	at org.eclipse.jetty.server.session.SessionHandler.doHandle(SessionHandler.java:227)
	at org.eclipse.jetty.server.handler.ContextHandler.doHandle(ContextHandler.java:1038)
	at org.eclipse.jetty.servlet.ServletHandler.doScope(ServletHandler.java:374)
	at org.eclipse.jetty.server.session.SessionHandler.doScope(SessionHandler.java:189)
	at org.eclipse.jetty.server.handler.ContextHandler.doScope(ContextHandler.java:972)
	at org.eclipse.jetty.server.handler.ScopedHandler.handle(ScopedHandler.java:135)
	at org.eclipse.jetty.server.handler.HandlerWrapper.handle(HandlerWrapper.java:116)
	at org.eclipse.jetty.server.Server.handle(Server.java:363)
	at org.eclipse.jetty.server.AbstractHttpConnection.handleRequest(AbstractHttpConnection.java:483)
	at org.eclipse.jetty.server.AbstractHttpConnection.headerComplete(AbstractHttpConnection.java:920)
	at org.eclipse.jetty.server.AbstractHttpConnection$RequestHandler.headerComplete(AbstractHttpConnection.java:982)
	at org.eclipse.jetty.http.HttpParser.parseNext(HttpParser.java:635)
	at org.eclipse.jetty.http.HttpParser.parseAvailable(HttpParser.java:235)
	at org.eclipse.jetty.server.AsyncHttpConnection.handle(AsyncHttpConnection.java:82)
	at org.eclipse.jetty.io.nio.SelectChannelEndPoint.handle(SelectChannelEndPoint.java:628)
	at org.eclipse.jetty.io.nio.SelectChannelEndPoint$1.run(SelectChannelEndPoint.java:52)
	at org.eclipse.jetty.util.thread.QueuedThreadPool.runJob(QueuedThreadPool.java:608)
	at org.eclipse.jetty.util.thread.QueuedThreadPool$3.run(QueuedThreadPool.java:543)
	at java.lang.Thread.run(Thread.java:745)

2016-07-01 19:05:43
[ERROR]-[Thread: qtp1285044316-33]-[com.jfinal.core.JFinalFilter.doFilter()]: /install/step2
java.lang.NullPointerException
	at io.jpress.model.core.JModel.getTableName(JModel.java:164)
	at io.jpress.model.core.JModel.createSelectSql(JModel.java:55)
	at io.jpress.model.core.JModel.createSelectWhereSql(JModel.java:63)
	at io.jpress.model.core.JModel.doFindFirst(JModel.java:95)
	at io.jpress.model.query.OptionQuery$1.load(OptionQuery.java:33)
	at com.jfinal.plugin.ehcache.CacheKit.get(CacheKit.java:85)
	at io.jpress.model.query.OptionQuery.findValue(OptionQuery.java:30)
	at io.jpress.template.TemplateUtils.getcurrentTemplateId(TemplateUtils.java:50)
	at io.jpress.template.TemplateUtils.currentTemplate(TemplateUtils.java:64)
	at io.jpress.core.JHandler.setGlobalAttrs(JHandler.java:108)
	at io.jpress.core.JHandler.handle(JHandler.java:68)
	at io.jpress.core.cache.ActionCacheHandler.handle(ActionCacheHandler.java:50)
	at com.jfinal.core.JFinalFilter.doFilter(JFinalFilter.java:72)
	at org.eclipse.jetty.servlet.ServletHandler$CachedChain.doFilter(ServletHandler.java:1300)
	at org.eclipse.jetty.servlet.ServletHandler.doHandle(ServletHandler.java:445)
	at org.eclipse.jetty.server.handler.ScopedHandler.handle(ScopedHandler.java:137)
	at org.eclipse.jetty.security.SecurityHandler.handle(SecurityHandler.java:556)
	at org.eclipse.jetty.server.session.SessionHandler.doHandle(SessionHandler.java:227)
	at org.eclipse.jetty.server.handler.ContextHandler.doHandle(ContextHandler.java:1038)
	at org.eclipse.jetty.servlet.ServletHandler.doScope(ServletHandler.java:374)
	at org.eclipse.jetty.server.session.SessionHandler.doScope(SessionHandler.java:189)
	at org.eclipse.jetty.server.handler.ContextHandler.doScope(ContextHandler.java:972)
	at org.eclipse.jetty.server.handler.ScopedHandler.handle(ScopedHandler.java:135)
	at org.eclipse.jetty.server.handler.HandlerWrapper.handle(HandlerWrapper.java:116)
	at org.eclipse.jetty.server.Server.handle(Server.java:363)
	at org.eclipse.jetty.server.AbstractHttpConnection.handleRequest(AbstractHttpConnection.java:483)
	at org.eclipse.jetty.server.AbstractHttpConnection.headerComplete(AbstractHttpConnection.java:920)
	at org.eclipse.jetty.server.AbstractHttpConnection$RequestHandler.headerComplete(AbstractHttpConnection.java:982)
	at org.eclipse.jetty.http.HttpParser.parseNext(HttpParser.java:635)
	at org.eclipse.jetty.http.HttpParser.parseAvailable(HttpParser.java:235)
	at org.eclipse.jetty.server.AsyncHttpConnection.handle(AsyncHttpConnection.java:82)
	at org.eclipse.jetty.io.nio.SelectChannelEndPoint.handle(SelectChannelEndPoint.java:628)
	at org.eclipse.jetty.io.nio.SelectChannelEndPoint$1.run(SelectChannelEndPoint.java:52)
	at org.eclipse.jetty.util.thread.QueuedThreadPool.runJob(QueuedThreadPool.java:608)
	at org.eclipse.jetty.util.thread.QueuedThreadPool$3.run(QueuedThreadPool.java:543)
	at java.lang.Thread.run(Thread.java:745)

2016-07-01 19:06:06
[ERROR]-[Thread: qtp1285044316-34]-[com.jfinal.core.JFinalFilter.doFilter()]: /install/step2
java.lang.NullPointerException
	at io.jpress.model.core.JModel.getTableName(JModel.java:164)
	at io.jpress.model.core.JModel.createSelectSql(JModel.java:55)
	at io.jpress.model.core.JModel.createSelectWhereSql(JModel.java:63)
	at io.jpress.model.core.JModel.doFindFirst(JModel.java:95)
	at io.jpress.model.query.OptionQuery$1.load(OptionQuery.java:33)
	at com.jfinal.plugin.ehcache.CacheKit.get(CacheKit.java:85)
	at io.jpress.model.query.OptionQuery.findValue(OptionQuery.java:30)
	at io.jpress.template.TemplateUtils.getcurrentTemplateId(TemplateUtils.java:50)
	at io.jpress.template.TemplateUtils.currentTemplate(TemplateUtils.java:64)
	at io.jpress.core.JHandler.setGlobalAttrs(JHandler.java:108)
	at io.jpress.core.JHandler.handle(JHandler.java:68)
	at io.jpress.core.cache.ActionCacheHandler.handle(ActionCacheHandler.java:50)
	at com.jfinal.core.JFinalFilter.doFilter(JFinalFilter.java:72)
	at org.eclipse.jetty.servlet.ServletHandler$CachedChain.doFilter(ServletHandler.java:1300)
	at org.eclipse.jetty.servlet.ServletHandler.doHandle(ServletHandler.java:445)
	at org.eclipse.jetty.server.handler.ScopedHandler.handle(ScopedHandler.java:137)
	at org.eclipse.jetty.security.SecurityHandler.handle(SecurityHandler.java:556)
	at org.eclipse.jetty.server.session.SessionHandler.doHandle(SessionHandler.java:227)
	at org.eclipse.jetty.server.handler.ContextHandler.doHandle(ContextHandler.java:1038)
	at org.eclipse.jetty.servlet.ServletHandler.doScope(ServletHandler.java:374)
	at org.eclipse.jetty.server.session.SessionHandler.doScope(SessionHandler.java:189)
	at org.eclipse.jetty.server.handler.ContextHandler.doScope(ContextHandler.java:972)
	at org.eclipse.jetty.server.handler.ScopedHandler.handle(ScopedHandler.java:135)
	at org.eclipse.jetty.server.handler.HandlerWrapper.handle(HandlerWrapper.java:116)
	at org.eclipse.jetty.server.Server.handle(Server.java:363)
	at org.eclipse.jetty.server.AbstractHttpConnection.handleRequest(AbstractHttpConnection.java:483)
	at org.eclipse.jetty.server.AbstractHttpConnection.headerComplete(AbstractHttpConnection.java:920)
	at org.eclipse.jetty.server.AbstractHttpConnection$RequestHandler.headerComplete(AbstractHttpConnection.java:982)
	at org.eclipse.jetty.http.HttpParser.parseNext(HttpParser.java:635)
	at org.eclipse.jetty.http.HttpParser.parseAvailable(HttpParser.java:235)
	at org.eclipse.jetty.server.AsyncHttpConnection.handle(AsyncHttpConnection.java:82)
	at org.eclipse.jetty.io.nio.SelectChannelEndPoint.handle(SelectChannelEndPoint.java:628)
	at org.eclipse.jetty.io.nio.SelectChannelEndPoint$1.run(SelectChannelEndPoint.java:52)
	at org.eclipse.jetty.util.thread.QueuedThreadPool.runJob(QueuedThreadPool.java:608)
	at org.eclipse.jetty.util.thread.QueuedThreadPool$3.run(QueuedThreadPool.java:543)
	at java.lang.Thread.run(Thread.java:745)

2016-07-01 19:07:49
[ERROR]-[Thread: qtp1285044316-30]-[com.jfinal.core.JFinalFilter.doFilter()]: /install/step2
java.lang.NullPointerException
	at io.jpress.model.core.JModel.getTableName(JModel.java:164)
	at io.jpress.model.core.JModel.createSelectSql(JModel.java:55)
	at io.jpress.model.core.JModel.createSelectWhereSql(JModel.java:63)
	at io.jpress.model.core.JModel.doFindFirst(JModel.java:95)
	at io.jpress.model.query.OptionQuery$1.load(OptionQuery.java:33)
	at com.jfinal.plugin.ehcache.CacheKit.get(CacheKit.java:85)
	at io.jpress.model.query.OptionQuery.findValue(OptionQuery.java:30)
	at io.jpress.template.TemplateUtils.getcurrentTemplateId(TemplateUtils.java:50)
	at io.jpress.template.TemplateUtils.currentTemplate(TemplateUtils.java:64)
	at io.jpress.core.JHandler.setGlobalAttrs(JHandler.java:108)
	at io.jpress.core.JHandler.handle(JHandler.java:68)
	at io.jpress.core.cache.ActionCacheHandler.handle(ActionCacheHandler.java:50)
	at com.jfinal.core.JFinalFilter.doFilter(JFinalFilter.java:72)
	at org.eclipse.jetty.servlet.ServletHandler$CachedChain.doFilter(ServletHandler.java:1300)
	at org.eclipse.jetty.servlet.ServletHandler.doHandle(ServletHandler.java:445)
	at org.eclipse.jetty.server.handler.ScopedHandler.handle(ScopedHandler.java:137)
	at org.eclipse.jetty.security.SecurityHandler.handle(SecurityHandler.java:556)
	at org.eclipse.jetty.server.session.SessionHandler.doHandle(SessionHandler.java:227)
	at org.eclipse.jetty.server.handler.ContextHandler.doHandle(ContextHandler.java:1038)
	at org.eclipse.jetty.servlet.ServletHandler.doScope(ServletHandler.java:374)
	at org.eclipse.jetty.server.session.SessionHandler.doScope(SessionHandler.java:189)
	at org.eclipse.jetty.server.handler.ContextHandler.doScope(ContextHandler.java:972)
	at org.eclipse.jetty.server.handler.ScopedHandler.handle(ScopedHandler.java:135)
	at org.eclipse.jetty.server.handler.HandlerWrapper.handle(HandlerWrapper.java:116)
	at org.eclipse.jetty.server.Server.handle(Server.java:363)
	at org.eclipse.jetty.server.AbstractHttpConnection.handleRequest(AbstractHttpConnection.java:483)
	at org.eclipse.jetty.server.AbstractHttpConnection.headerComplete(AbstractHttpConnection.java:920)
	at org.eclipse.jetty.server.AbstractHttpConnection$RequestHandler.headerComplete(AbstractHttpConnection.java:982)
	at org.eclipse.jetty.http.HttpParser.parseNext(HttpParser.java:635)
	at org.eclipse.jetty.http.HttpParser.parseAvailable(HttpParser.java:235)
	at org.eclipse.jetty.server.AsyncHttpConnection.handle(AsyncHttpConnection.java:82)
	at org.eclipse.jetty.io.nio.SelectChannelEndPoint.handle(SelectChannelEndPoint.java:628)
	at org.eclipse.jetty.io.nio.SelectChannelEndPoint$1.run(SelectChannelEndPoint.java:52)
	at org.eclipse.jetty.util.thread.QueuedThreadPool.runJob(QueuedThreadPool.java:608)
	at org.eclipse.jetty.util.thread.QueuedThreadPool$3.run(QueuedThreadPool.java:543)
	at java.lang.Thread.run(Thread.java:745)

2016-07-01 19:08:26
[ERROR]-[Thread: qtp1285044316-34]-[com.jfinal.core.JFinalFilter.doFilter()]: /
java.lang.NullPointerException
	at io.jpress.model.core.JModel.getTableName(JModel.java:164)
	at io.jpress.model.core.JModel.createSelectSql(JModel.java:55)
	at io.jpress.model.core.JModel.createSelectWhereSql(JModel.java:63)
	at io.jpress.model.core.JModel.doFindFirst(JModel.java:95)
	at io.jpress.model.query.OptionQuery$1.load(OptionQuery.java:33)
	at com.jfinal.plugin.ehcache.CacheKit.get(CacheKit.java:85)
	at io.jpress.model.query.OptionQuery.findValue(OptionQuery.java:30)
	at io.jpress.template.TemplateUtils.getcurrentTemplateId(TemplateUtils.java:50)
	at io.jpress.template.TemplateUtils.currentTemplate(TemplateUtils.java:64)
	at io.jpress.core.JHandler.setGlobalAttrs(JHandler.java:108)
	at io.jpress.core.JHandler.handle(JHandler.java:68)
	at io.jpress.core.cache.ActionCacheHandler.handle(ActionCacheHandler.java:87)
	at com.jfinal.core.JFinalFilter.doFilter(JFinalFilter.java:72)
	at org.eclipse.jetty.servlet.ServletHandler$CachedChain.doFilter(ServletHandler.java:1300)
	at org.eclipse.jetty.servlet.ServletHandler.doHandle(ServletHandler.java:445)
	at org.eclipse.jetty.server.handler.ScopedHandler.handle(ScopedHandler.java:137)
	at org.eclipse.jetty.security.SecurityHandler.handle(SecurityHandler.java:556)
	at org.eclipse.jetty.server.session.SessionHandler.doHandle(SessionHandler.java:227)
	at org.eclipse.jetty.server.handler.ContextHandler.doHandle(ContextHandler.java:1038)
	at org.eclipse.jetty.servlet.ServletHandler.doScope(ServletHandler.java:374)
	at org.eclipse.jetty.server.session.SessionHandler.doScope(SessionHandler.java:189)
	at org.eclipse.jetty.server.handler.ContextHandler.doScope(ContextHandler.java:972)
	at org.eclipse.jetty.server.handler.ScopedHandler.handle(ScopedHandler.java:135)
	at org.eclipse.jetty.server.handler.HandlerWrapper.handle(HandlerWrapper.java:116)
	at org.eclipse.jetty.server.Server.handle(Server.java:363)
	at org.eclipse.jetty.server.AbstractHttpConnection.handleRequest(AbstractHttpConnection.java:483)
	at org.eclipse.jetty.server.AbstractHttpConnection.headerComplete(AbstractHttpConnection.java:920)
	at org.eclipse.jetty.server.AbstractHttpConnection$RequestHandler.headerComplete(AbstractHttpConnection.java:982)
	at org.eclipse.jetty.http.HttpParser.parseNext(HttpParser.java:635)
	at org.eclipse.jetty.http.HttpParser.parseAvailable(HttpParser.java:235)
	at org.eclipse.jetty.server.AsyncHttpConnection.handle(AsyncHttpConnection.java:82)
	at org.eclipse.jetty.io.nio.SelectChannelEndPoint.handle(SelectChannelEndPoint.java:628)
	at org.eclipse.jetty.io.nio.SelectChannelEndPoint$1.run(SelectChannelEndPoint.java:52)
	at org.eclipse.jetty.util.thread.QueuedThreadPool.runJob(QueuedThreadPool.java:608)
	at org.eclipse.jetty.util.thread.QueuedThreadPool$3.run(QueuedThreadPool.java:543)
	at java.lang.Thread.run(Thread.java:745)

2016-07-01 19:08:32
[ERROR]-[Thread: qtp1285044316-31]-[com.jfinal.core.JFinalFilter.doFilter()]: /static/
java.lang.NullPointerException
	at io.jpress.model.core.JModel.getTableName(JModel.java:164)
	at io.jpress.model.core.JModel.createSelectSql(JModel.java:55)
	at io.jpress.model.core.JModel.createSelectWhereSql(JModel.java:63)
	at io.jpress.model.core.JModel.doFindFirst(JModel.java:95)
	at io.jpress.model.query.OptionQuery$1.load(OptionQuery.java:33)
	at com.jfinal.plugin.ehcache.CacheKit.get(CacheKit.java:85)
	at io.jpress.model.query.OptionQuery.findValue(OptionQuery.java:30)
	at io.jpress.template.TemplateUtils.getcurrentTemplateId(TemplateUtils.java:50)
	at io.jpress.template.TemplateUtils.currentTemplate(TemplateUtils.java:64)
	at io.jpress.core.JHandler.setGlobalAttrs(JHandler.java:108)
	at io.jpress.core.JHandler.handle(JHandler.java:68)
	at io.jpress.core.cache.ActionCacheHandler.handle(ActionCacheHandler.java:42)
	at com.jfinal.core.JFinalFilter.doFilter(JFinalFilter.java:72)
	at org.eclipse.jetty.servlet.ServletHandler$CachedChain.doFilter(ServletHandler.java:1300)
	at org.eclipse.jetty.servlet.ServletHandler.doHandle(ServletHandler.java:445)
	at org.eclipse.jetty.server.handler.ScopedHandler.handle(ScopedHandler.java:137)
	at org.eclipse.jetty.security.SecurityHandler.handle(SecurityHandler.java:556)
	at org.eclipse.jetty.server.session.SessionHandler.doHandle(SessionHandler.java:227)
	at org.eclipse.jetty.server.handler.ContextHandler.doHandle(ContextHandler.java:1038)
	at org.eclipse.jetty.servlet.ServletHandler.doScope(ServletHandler.java:374)
	at org.eclipse.jetty.server.session.SessionHandler.doScope(SessionHandler.java:189)
	at org.eclipse.jetty.server.handler.ContextHandler.doScope(ContextHandler.java:972)
	at org.eclipse.jetty.server.handler.ScopedHandler.handle(ScopedHandler.java:135)
	at org.eclipse.jetty.server.handler.HandlerWrapper.handle(HandlerWrapper.java:116)
	at org.eclipse.jetty.server.Server.handle(Server.java:363)
	at org.eclipse.jetty.server.AbstractHttpConnection.handleRequest(AbstractHttpConnection.java:483)
	at org.eclipse.jetty.server.AbstractHttpConnection.headerComplete(AbstractHttpConnection.java:920)
	at org.eclipse.jetty.server.AbstractHttpConnection$RequestHandler.headerComplete(AbstractHttpConnection.java:982)
	at org.eclipse.jetty.http.HttpParser.parseNext(HttpParser.java:635)
	at org.eclipse.jetty.http.HttpParser.parseAvailable(HttpParser.java:235)
	at org.eclipse.jetty.server.AsyncHttpConnection.handle(AsyncHttpConnection.java:82)
	at org.eclipse.jetty.io.nio.SelectChannelEndPoint.handle(SelectChannelEndPoint.java:628)
	at org.eclipse.jetty.io.nio.SelectChannelEndPoint$1.run(SelectChannelEndPoint.java:52)
	at org.eclipse.jetty.util.thread.QueuedThreadPool.runJob(QueuedThreadPool.java:608)
	at org.eclipse.jetty.util.thread.QueuedThreadPool$3.run(QueuedThreadPool.java:543)
	at java.lang.Thread.run(Thread.java:745)

2016-07-01 19:08:32
[ERROR]-[Thread: qtp1285044316-32]-[com.jfinal.core.JFinalFilter.doFilter()]: /static/jetty-dir.css
java.lang.NullPointerException
	at io.jpress.model.core.JModel.getTableName(JModel.java:164)
	at io.jpress.model.core.JModel.createSelectSql(JModel.java:55)
	at io.jpress.model.core.JModel.createSelectWhereSql(JModel.java:63)
	at io.jpress.model.core.JModel.doFindFirst(JModel.java:95)
	at io.jpress.model.query.OptionQuery$1.load(OptionQuery.java:33)
	at com.jfinal.plugin.ehcache.CacheKit.get(CacheKit.java:85)
	at io.jpress.model.query.OptionQuery.findValue(OptionQuery.java:30)
	at io.jpress.template.TemplateUtils.getcurrentTemplateId(TemplateUtils.java:50)
	at io.jpress.template.TemplateUtils.currentTemplate(TemplateUtils.java:64)
	at io.jpress.core.JHandler.setGlobalAttrs(JHandler.java:108)
	at io.jpress.core.JHandler.handle(JHandler.java:68)
	at io.jpress.core.cache.ActionCacheHandler.handle(ActionCacheHandler.java:42)
	at com.jfinal.core.JFinalFilter.doFilter(JFinalFilter.java:72)
	at org.eclipse.jetty.servlet.ServletHandler$CachedChain.doFilter(ServletHandler.java:1300)
	at org.eclipse.jetty.servlet.ServletHandler.doHandle(ServletHandler.java:445)
	at org.eclipse.jetty.server.handler.ScopedHandler.handle(ScopedHandler.java:137)
	at org.eclipse.jetty.security.SecurityHandler.handle(SecurityHandler.java:556)
	at org.eclipse.jetty.server.session.SessionHandler.doHandle(SessionHandler.java:227)
	at org.eclipse.jetty.server.handler.ContextHandler.doHandle(ContextHandler.java:1038)
	at org.eclipse.jetty.servlet.ServletHandler.doScope(ServletHandler.java:374)
	at org.eclipse.jetty.server.session.SessionHandler.doScope(SessionHandler.java:189)
	at org.eclipse.jetty.server.handler.ContextHandler.doScope(ContextHandler.java:972)
	at org.eclipse.jetty.server.handler.ScopedHandler.handle(ScopedHandler.java:135)
	at org.eclipse.jetty.server.handler.HandlerWrapper.handle(HandlerWrapper.java:116)
	at org.eclipse.jetty.server.Server.handle(Server.java:363)
	at org.eclipse.jetty.server.AbstractHttpConnection.handleRequest(AbstractHttpConnection.java:483)
	at org.eclipse.jetty.server.AbstractHttpConnection.headerComplete(AbstractHttpConnection.java:920)
	at org.eclipse.jetty.server.AbstractHttpConnection$RequestHandler.headerComplete(AbstractHttpConnection.java:982)
	at org.eclipse.jetty.http.HttpParser.parseNext(HttpParser.java:635)
	at org.eclipse.jetty.http.HttpParser.parseAvailable(HttpParser.java:235)
	at org.eclipse.jetty.server.AsyncHttpConnection.handle(AsyncHttpConnection.java:82)
	at org.eclipse.jetty.io.nio.SelectChannelEndPoint.handle(SelectChannelEndPoint.java:628)
	at org.eclipse.jetty.io.nio.SelectChannelEndPoint$1.run(SelectChannelEndPoint.java:52)
	at org.eclipse.jetty.util.thread.QueuedThreadPool.runJob(QueuedThreadPool.java:608)
	at org.eclipse.jetty.util.thread.QueuedThreadPool$3.run(QueuedThreadPool.java:543)
	at java.lang.Thread.run(Thread.java:745)

2016-07-01 19:09:39
[ERROR]-[Thread: qtp1285044316-30]-[com.jfinal.core.JFinalFilter.doFilter()]: /
java.lang.NullPointerException
	at io.jpress.model.core.JModel.getTableName(JModel.java:164)
	at io.jpress.model.core.JModel.createSelectSql(JModel.java:55)
	at io.jpress.model.core.JModel.createSelectWhereSql(JModel.java:63)
	at io.jpress.model.core.JModel.doFindFirst(JModel.java:95)
	at io.jpress.model.query.OptionQuery$1.load(OptionQuery.java:33)
	at com.jfinal.plugin.ehcache.CacheKit.get(CacheKit.java:85)
	at io.jpress.model.query.OptionQuery.findValue(OptionQuery.java:30)
	at io.jpress.template.TemplateUtils.getcurrentTemplateId(TemplateUtils.java:50)
	at io.jpress.template.TemplateUtils.currentTemplate(TemplateUtils.java:64)
	at io.jpress.core.JHandler.setGlobalAttrs(JHandler.java:108)
	at io.jpress.core.JHandler.handle(JHandler.java:68)
	at io.jpress.core.cache.ActionCacheHandler.handle(ActionCacheHandler.java:87)
	at com.jfinal.core.JFinalFilter.doFilter(JFinalFilter.java:72)
	at org.eclipse.jetty.servlet.ServletHandler$CachedChain.doFilter(ServletHandler.java:1300)
	at org.eclipse.jetty.servlet.ServletHandler.doHandle(ServletHandler.java:445)
	at org.eclipse.jetty.server.handler.ScopedHandler.handle(ScopedHandler.java:137)
	at org.eclipse.jetty.security.SecurityHandler.handle(SecurityHandler.java:556)
	at org.eclipse.jetty.server.session.SessionHandler.doHandle(SessionHandler.java:227)
	at org.eclipse.jetty.server.handler.ContextHandler.doHandle(ContextHandler.java:1038)
	at org.eclipse.jetty.servlet.ServletHandler.doScope(ServletHandler.java:374)
	at org.eclipse.jetty.server.session.SessionHandler.doScope(SessionHandler.java:189)
	at org.eclipse.jetty.server.handler.ContextHandler.doScope(ContextHandler.java:972)
	at org.eclipse.jetty.server.handler.ScopedHandler.handle(ScopedHandler.java:135)
	at org.eclipse.jetty.server.handler.HandlerWrapper.handle(HandlerWrapper.java:116)
	at org.eclipse.jetty.server.Server.handle(Server.java:363)
	at org.eclipse.jetty.server.AbstractHttpConnection.handleRequest(AbstractHttpConnection.java:483)
	at org.eclipse.jetty.server.AbstractHttpConnection.headerComplete(AbstractHttpConnection.java:920)
	at org.eclipse.jetty.server.AbstractHttpConnection$RequestHandler.headerComplete(AbstractHttpConnection.java:982)
	at org.eclipse.jetty.http.HttpParser.parseNext(HttpParser.java:635)
	at org.eclipse.jetty.http.HttpParser.parseAvailable(HttpParser.java:235)
	at org.eclipse.jetty.server.AsyncHttpConnection.handle(AsyncHttpConnection.java:82)
	at org.eclipse.jetty.io.nio.SelectChannelEndPoint.handle(SelectChannelEndPoint.java:628)
	at org.eclipse.jetty.io.nio.SelectChannelEndPoint$1.run(SelectChannelEndPoint.java:52)
	at org.eclipse.jetty.util.thread.QueuedThreadPool.runJob(QueuedThreadPool.java:608)
	at org.eclipse.jetty.util.thread.QueuedThreadPool$3.run(QueuedThreadPool.java:543)
	at java.lang.Thread.run(Thread.java:745)

2016-07-01 19:09:45
[ERROR]-[Thread: qtp1285044316-34]-[com.jfinal.core.JFinalFilter.doFilter()]: /static/
java.lang.NullPointerException
	at io.jpress.model.core.JModel.getTableName(JModel.java:164)
	at io.jpress.model.core.JModel.createSelectSql(JModel.java:55)
	at io.jpress.model.core.JModel.createSelectWhereSql(JModel.java:63)
	at io.jpress.model.core.JModel.doFindFirst(JModel.java:95)
	at io.jpress.model.query.OptionQuery$1.load(OptionQuery.java:33)
	at com.jfinal.plugin.ehcache.CacheKit.get(CacheKit.java:85)
	at io.jpress.model.query.OptionQuery.findValue(OptionQuery.java:30)
	at io.jpress.template.TemplateUtils.getcurrentTemplateId(TemplateUtils.java:50)
	at io.jpress.template.TemplateUtils.currentTemplate(TemplateUtils.java:64)
	at io.jpress.core.JHandler.setGlobalAttrs(JHandler.java:108)
	at io.jpress.core.JHandler.handle(JHandler.java:68)
	at io.jpress.core.cache.ActionCacheHandler.handle(ActionCacheHandler.java:42)
	at com.jfinal.core.JFinalFilter.doFilter(JFinalFilter.java:72)
	at org.eclipse.jetty.servlet.ServletHandler$CachedChain.doFilter(ServletHandler.java:1300)
	at org.eclipse.jetty.servlet.ServletHandler.doHandle(ServletHandler.java:445)
	at org.eclipse.jetty.server.handler.ScopedHandler.handle(ScopedHandler.java:137)
	at org.eclipse.jetty.security.SecurityHandler.handle(SecurityHandler.java:556)
	at org.eclipse.jetty.server.session.SessionHandler.doHandle(SessionHandler.java:227)
	at org.eclipse.jetty.server.handler.ContextHandler.doHandle(ContextHandler.java:1038)
	at org.eclipse.jetty.servlet.ServletHandler.doScope(ServletHandler.java:374)
	at org.eclipse.jetty.server.session.SessionHandler.doScope(SessionHandler.java:189)
	at org.eclipse.jetty.server.handler.ContextHandler.doScope(ContextHandler.java:972)
	at org.eclipse.jetty.server.handler.ScopedHandler.handle(ScopedHandler.java:135)
	at org.eclipse.jetty.server.handler.HandlerWrapper.handle(HandlerWrapper.java:116)
	at org.eclipse.jetty.server.Server.handle(Server.java:363)
	at org.eclipse.jetty.server.AbstractHttpConnection.handleRequest(AbstractHttpConnection.java:483)
	at org.eclipse.jetty.server.AbstractHttpConnection.headerComplete(AbstractHttpConnection.java:920)
	at org.eclipse.jetty.server.AbstractHttpConnection$RequestHandler.headerComplete(AbstractHttpConnection.java:982)
	at org.eclipse.jetty.http.HttpParser.parseNext(HttpParser.java:635)
	at org.eclipse.jetty.http.HttpParser.parseAvailable(HttpParser.java:235)
	at org.eclipse.jetty.server.AsyncHttpConnection.handle(AsyncHttpConnection.java:82)
	at org.eclipse.jetty.io.nio.SelectChannelEndPoint.handle(SelectChannelEndPoint.java:628)
	at org.eclipse.jetty.io.nio.SelectChannelEndPoint$1.run(SelectChannelEndPoint.java:52)
	at org.eclipse.jetty.util.thread.QueuedThreadPool.runJob(QueuedThreadPool.java:608)
	at org.eclipse.jetty.util.thread.QueuedThreadPool$3.run(QueuedThreadPool.java:543)
	at java.lang.Thread.run(Thread.java:745)

2016-07-01 19:09:47
[ERROR]-[Thread: qtp1285044316-33]-[com.jfinal.core.JFinalFilter.doFilter()]: /static/bootstrap/
java.lang.NullPointerException
	at io.jpress.model.core.JModel.getTableName(JModel.java:164)
	at io.jpress.model.core.JModel.createSelectSql(JModel.java:55)
	at io.jpress.model.core.JModel.createSelectWhereSql(JModel.java:63)
	at io.jpress.model.core.JModel.doFindFirst(JModel.java:95)
	at io.jpress.model.query.OptionQuery$1.load(OptionQuery.java:33)
	at com.jfinal.plugin.ehcache.CacheKit.get(CacheKit.java:85)
	at io.jpress.model.query.OptionQuery.findValue(OptionQuery.java:30)
	at io.jpress.template.TemplateUtils.getcurrentTemplateId(TemplateUtils.java:50)
	at io.jpress.template.TemplateUtils.currentTemplate(TemplateUtils.java:64)
	at io.jpress.core.JHandler.setGlobalAttrs(JHandler.java:108)
	at io.jpress.core.JHandler.handle(JHandler.java:68)
	at io.jpress.core.cache.ActionCacheHandler.handle(ActionCacheHandler.java:42)
	at com.jfinal.core.JFinalFilter.doFilter(JFinalFilter.java:72)
	at org.eclipse.jetty.servlet.ServletHandler$CachedChain.doFilter(ServletHandler.java:1300)
	at org.eclipse.jetty.servlet.ServletHandler.doHandle(ServletHandler.java:445)
	at org.eclipse.jetty.server.handler.ScopedHandler.handle(ScopedHandler.java:137)
	at org.eclipse.jetty.security.SecurityHandler.handle(SecurityHandler.java:556)
	at org.eclipse.jetty.server.session.SessionHandler.doHandle(SessionHandler.java:227)
	at org.eclipse.jetty.server.handler.ContextHandler.doHandle(ContextHandler.java:1038)
	at org.eclipse.jetty.servlet.ServletHandler.doScope(ServletHandler.java:374)
	at org.eclipse.jetty.server.session.SessionHandler.doScope(SessionHandler.java:189)
	at org.eclipse.jetty.server.handler.ContextHandler.doScope(ContextHandler.java:972)
	at org.eclipse.jetty.server.handler.ScopedHandler.handle(ScopedHandler.java:135)
	at org.eclipse.jetty.server.handler.HandlerWrapper.handle(HandlerWrapper.java:116)
	at org.eclipse.jetty.server.Server.handle(Server.java:363)
	at org.eclipse.jetty.server.AbstractHttpConnection.handleRequest(AbstractHttpConnection.java:483)
	at org.eclipse.jetty.server.AbstractHttpConnection.headerComplete(AbstractHttpConnection.java:920)
	at org.eclipse.jetty.server.AbstractHttpConnection$RequestHandler.headerComplete(AbstractHttpConnection.java:982)
	at org.eclipse.jetty.http.HttpParser.parseNext(HttpParser.java:635)
	at org.eclipse.jetty.http.HttpParser.parseAvailable(HttpParser.java:235)
	at org.eclipse.jetty.server.AsyncHttpConnection.handle(AsyncHttpConnection.java:82)
	at org.eclipse.jetty.io.nio.SelectChannelEndPoint.handle(SelectChannelEndPoint.java:628)
	at org.eclipse.jetty.io.nio.SelectChannelEndPoint$1.run(SelectChannelEndPoint.java:52)
	at org.eclipse.jetty.util.thread.QueuedThreadPool.runJob(QueuedThreadPool.java:608)
	at org.eclipse.jetty.util.thread.QueuedThreadPool$3.run(QueuedThreadPool.java:543)
	at java.lang.Thread.run(Thread.java:745)

2016-07-01 19:09:47
[ERROR]-[Thread: qtp1285044316-34]-[com.jfinal.core.JFinalFilter.doFilter()]: /static/bootstrap/jetty-dir.css
java.lang.NullPointerException
	at io.jpress.model.core.JModel.getTableName(JModel.java:164)
	at io.jpress.model.core.JModel.createSelectSql(JModel.java:55)
	at io.jpress.model.core.JModel.createSelectWhereSql(JModel.java:63)
	at io.jpress.model.core.JModel.doFindFirst(JModel.java:95)
	at io.jpress.model.query.OptionQuery$1.load(OptionQuery.java:33)
	at com.jfinal.plugin.ehcache.CacheKit.get(CacheKit.java:85)
	at io.jpress.model.query.OptionQuery.findValue(OptionQuery.java:30)
	at io.jpress.template.TemplateUtils.getcurrentTemplateId(TemplateUtils.java:50)
	at io.jpress.template.TemplateUtils.currentTemplate(TemplateUtils.java:64)
	at io.jpress.core.JHandler.setGlobalAttrs(JHandler.java:108)
	at io.jpress.core.JHandler.handle(JHandler.java:68)
	at io.jpress.core.cache.ActionCacheHandler.handle(ActionCacheHandler.java:42)
	at com.jfinal.core.JFinalFilter.doFilter(JFinalFilter.java:72)
	at org.eclipse.jetty.servlet.ServletHandler$CachedChain.doFilter(ServletHandler.java:1300)
	at org.eclipse.jetty.servlet.ServletHandler.doHandle(ServletHandler.java:445)
	at org.eclipse.jetty.server.handler.ScopedHandler.handle(ScopedHandler.java:137)
	at org.eclipse.jetty.security.SecurityHandler.handle(SecurityHandler.java:556)
	at org.eclipse.jetty.server.session.SessionHandler.doHandle(SessionHandler.java:227)
	at org.eclipse.jetty.server.handler.ContextHandler.doHandle(ContextHandler.java:1038)
	at org.eclipse.jetty.servlet.ServletHandler.doScope(ServletHandler.java:374)
	at org.eclipse.jetty.server.session.SessionHandler.doScope(SessionHandler.java:189)
	at org.eclipse.jetty.server.handler.ContextHandler.doScope(ContextHandler.java:972)
	at org.eclipse.jetty.server.handler.ScopedHandler.handle(ScopedHandler.java:135)
	at org.eclipse.jetty.server.handler.HandlerWrapper.handle(HandlerWrapper.java:116)
	at org.eclipse.jetty.server.Server.handle(Server.java:363)
	at org.eclipse.jetty.server.AbstractHttpConnection.handleRequest(AbstractHttpConnection.java:483)
	at org.eclipse.jetty.server.AbstractHttpConnection.headerComplete(AbstractHttpConnection.java:920)
	at org.eclipse.jetty.server.AbstractHttpConnection$RequestHandler.headerComplete(AbstractHttpConnection.java:982)
	at org.eclipse.jetty.http.HttpParser.parseNext(HttpParser.java:635)
	at org.eclipse.jetty.http.HttpParser.parseAvailable(HttpParser.java:235)
	at org.eclipse.jetty.server.AsyncHttpConnection.handle(AsyncHttpConnection.java:82)
	at org.eclipse.jetty.io.nio.SelectChannelEndPoint.handle(SelectChannelEndPoint.java:628)
	at org.eclipse.jetty.io.nio.SelectChannelEndPoint$1.run(SelectChannelEndPoint.java:52)
	at org.eclipse.jetty.util.thread.QueuedThreadPool.runJob(QueuedThreadPool.java:608)
	at org.eclipse.jetty.util.thread.QueuedThreadPool$3.run(QueuedThreadPool.java:543)
	at java.lang.Thread.run(Thread.java:745)

2016-07-01 19:09:49
[ERROR]-[Thread: qtp1285044316-33]-[com.jfinal.core.JFinalFilter.doFilter()]: /static/
java.lang.NullPointerException
	at io.jpress.model.core.JModel.getTableName(JModel.java:164)
	at io.jpress.model.core.JModel.createSelectSql(JModel.java:55)
	at io.jpress.model.core.JModel.createSelectWhereSql(JModel.java:63)
	at io.jpress.model.core.JModel.doFindFirst(JModel.java:95)
	at io.jpress.model.query.OptionQuery$1.load(OptionQuery.java:33)
	at com.jfinal.plugin.ehcache.CacheKit.get(CacheKit.java:85)
	at io.jpress.model.query.OptionQuery.findValue(OptionQuery.java:30)
	at io.jpress.template.TemplateUtils.getcurrentTemplateId(TemplateUtils.java:50)
	at io.jpress.template.TemplateUtils.currentTemplate(TemplateUtils.java:64)
	at io.jpress.core.JHandler.setGlobalAttrs(JHandler.java:108)
	at io.jpress.core.JHandler.handle(JHandler.java:68)
	at io.jpress.core.cache.ActionCacheHandler.handle(ActionCacheHandler.java:42)
	at com.jfinal.core.JFinalFilter.doFilter(JFinalFilter.java:72)
	at org.eclipse.jetty.servlet.ServletHandler$CachedChain.doFilter(ServletHandler.java:1300)
	at org.eclipse.jetty.servlet.ServletHandler.doHandle(ServletHandler.java:445)
	at org.eclipse.jetty.server.handler.ScopedHandler.handle(ScopedHandler.java:137)
	at org.eclipse.jetty.security.SecurityHandler.handle(SecurityHandler.java:556)
	at org.eclipse.jetty.server.session.SessionHandler.doHandle(SessionHandler.java:227)
	at org.eclipse.jetty.server.handler.ContextHandler.doHandle(ContextHandler.java:1038)
	at org.eclipse.jetty.servlet.ServletHandler.doScope(ServletHandler.java:374)
	at org.eclipse.jetty.server.session.SessionHandler.doScope(SessionHandler.java:189)
	at org.eclipse.jetty.server.handler.ContextHandler.doScope(ContextHandler.java:972)
	at org.eclipse.jetty.server.handler.ScopedHandler.handle(ScopedHandler.java:135)
	at org.eclipse.jetty.server.handler.HandlerWrapper.handle(HandlerWrapper.java:116)
	at org.eclipse.jetty.server.Server.handle(Server.java:363)
	at org.eclipse.jetty.server.AbstractHttpConnection.handleRequest(AbstractHttpConnection.java:483)
	at org.eclipse.jetty.server.AbstractHttpConnection.headerComplete(AbstractHttpConnection.java:920)
	at org.eclipse.jetty.server.AbstractHttpConnection$RequestHandler.headerComplete(AbstractHttpConnection.java:982)
	at org.eclipse.jetty.http.HttpParser.parseNext(HttpParser.java:635)
	at org.eclipse.jetty.http.HttpParser.parseAvailable(HttpParser.java:235)
	at org.eclipse.jetty.server.AsyncHttpConnection.handle(AsyncHttpConnection.java:82)
	at org.eclipse.jetty.io.nio.SelectChannelEndPoint.handle(SelectChannelEndPoint.java:628)
	at org.eclipse.jetty.io.nio.SelectChannelEndPoint$1.run(SelectChannelEndPoint.java:52)
	at org.eclipse.jetty.util.thread.QueuedThreadPool.runJob(QueuedThreadPool.java:608)
	at org.eclipse.jetty.util.thread.QueuedThreadPool$3.run(QueuedThreadPool.java:543)
	at java.lang.Thread.run(Thread.java:745)

2016-07-01 19:09:50
[ERROR]-[Thread: qtp1285044316-30]-[com.jfinal.core.JFinalFilter.doFilter()]: /static/bootstrap/
java.lang.NullPointerException
	at io.jpress.model.core.JModel.getTableName(JModel.java:164)
	at io.jpress.model.core.JModel.createSelectSql(JModel.java:55)
	at io.jpress.model.core.JModel.createSelectWhereSql(JModel.java:63)
	at io.jpress.model.core.JModel.doFindFirst(JModel.java:95)
	at io.jpress.model.query.OptionQuery$1.load(OptionQuery.java:33)
	at com.jfinal.plugin.ehcache.CacheKit.get(CacheKit.java:85)
	at io.jpress.model.query.OptionQuery.findValue(OptionQuery.java:30)
	at io.jpress.template.TemplateUtils.getcurrentTemplateId(TemplateUtils.java:50)
	at io.jpress.template.TemplateUtils.currentTemplate(TemplateUtils.java:64)
	at io.jpress.core.JHandler.setGlobalAttrs(JHandler.java:108)
	at io.jpress.core.JHandler.handle(JHandler.java:68)
	at io.jpress.core.cache.ActionCacheHandler.handle(ActionCacheHandler.java:42)
	at com.jfinal.core.JFinalFilter.doFilter(JFinalFilter.java:72)
	at org.eclipse.jetty.servlet.ServletHandler$CachedChain.doFilter(ServletHandler.java:1300)
	at org.eclipse.jetty.servlet.ServletHandler.doHandle(ServletHandler.java:445)
	at org.eclipse.jetty.server.handler.ScopedHandler.handle(ScopedHandler.java:137)
	at org.eclipse.jetty.security.SecurityHandler.handle(SecurityHandler.java:556)
	at org.eclipse.jetty.server.session.SessionHandler.doHandle(SessionHandler.java:227)
	at org.eclipse.jetty.server.handler.ContextHandler.doHandle(ContextHandler.java:1038)
	at org.eclipse.jetty.servlet.ServletHandler.doScope(ServletHandler.java:374)
	at org.eclipse.jetty.server.session.SessionHandler.doScope(SessionHandler.java:189)
	at org.eclipse.jetty.server.handler.ContextHandler.doScope(ContextHandler.java:972)
	at org.eclipse.jetty.server.handler.ScopedHandler.handle(ScopedHandler.java:135)
	at org.eclipse.jetty.server.handler.HandlerWrapper.handle(HandlerWrapper.java:116)
	at org.eclipse.jetty.server.Server.handle(Server.java:363)
	at org.eclipse.jetty.server.AbstractHttpConnection.handleRequest(AbstractHttpConnection.java:483)
	at org.eclipse.jetty.server.AbstractHttpConnection.headerComplete(AbstractHttpConnection.java:920)
	at org.eclipse.jetty.server.AbstractHttpConnection$RequestHandler.headerComplete(AbstractHttpConnection.java:982)
	at org.eclipse.jetty.http.HttpParser.parseNext(HttpParser.java:635)
	at org.eclipse.jetty.http.HttpParser.parseAvailable(HttpParser.java:235)
	at org.eclipse.jetty.server.AsyncHttpConnection.handle(AsyncHttpConnection.java:82)
	at org.eclipse.jetty.io.nio.SelectChannelEndPoint.handle(SelectChannelEndPoint.java:628)
	at org.eclipse.jetty.io.nio.SelectChannelEndPoint$1.run(SelectChannelEndPoint.java:52)
	at org.eclipse.jetty.util.thread.QueuedThreadPool.runJob(QueuedThreadPool.java:608)
	at org.eclipse.jetty.util.thread.QueuedThreadPool$3.run(QueuedThreadPool.java:543)
	at java.lang.Thread.run(Thread.java:745)
